# JRE version: Java(TM) SE Runtime Environment (8.0_181-b13) (build 1.8.0_181-b13)
# Java VM: Java HotSpot(TM) 64-Bit Server VM (25.181-b13 mixed mode windows-amd64 compressed oops)
Heap:
 PSYoungGen      total 315392K, used 14626K [0x00000000d6000000, 0x00000000f5c80000, 0x0000000100000000)
  eden space 313856K, 4% used [0x00000000d6000000,0x00000000d6e489e0,0x00000000e9280000)
  from space 1536K, 0% used [0x00000000f5b00000,0x00000000f5b00000,0x00000000f5c80000)
  to   space 16896K, 0% used [0x00000000f3b80000,0x00000000f3b80000,0x00000000f4c00000)
 ParOldGen       total 76800K, used 25807K [0x0000000082000000, 0x0000000086b00000, 0x00000000d6000000)
  object space 76800K, 33% used [0x0000000082000000,0x0000000083933db0,0x0000000086b00000)
 Metaspace       used 61347K, capacity 66342K, committed 67200K, reserved 1105920K
  class space    used 8682K, capacity 9645K, committed 9856K, reserved 1048576K
GC Heap History (10 events):
Event: 62376.192 GC heap before
{Heap before GC invocations=46 (full 13):
 PSYoungGen      total 367104K, used 367077K [0x00000000d6000000, 0x00000000f8380000, 0x0000000100000000)
  eden space 357376K, 100% used [0x00000000d6000000,0x00000000ebd00000,0x00000000ebd00000)
  from space 9728K, 99% used [0x00000000f7a00000,0x00000000f8379708,0x00000000f8380000)
  to   space 14848K, 0% used [0x00000000f6680000,0x00000000f6680000,0x00000000f7500000)
 ParOldGen       total 76800K, used 29569K [0x0000000082000000, 0x0000000086b00000, 0x00000000d6000000)
  object space 76800K, 38% used [0x0000000082000000,0x0000000083ce0430,0x0000000086b00000)
 Metaspace       used 61781K, capacity 67056K, committed 67200K, reserved 1105920K
  class space    used 8748K, capacity 9765K, committed 9856K, reserved 1048576K
Event: 62376.399 GC heap after
Heap after GC invocations=46 (full 13):
 PSYoungGen      total 344064K, used 1840K [0x00000000d6000000, 0x00000000f7a80000, 0x0000000100000000)
  eden space 342016K, 0% used [0x00000000d6000000,0x00000000d6000000,0x00000000eae00000)
  from space 2048K, 89% used [0x00000000f6680000,0x00000000f684c2b0,0x00000000f6880000)
  to   space 15872K, 0% used [0x00000000f6b00000,0x00000000f6b00000,0x00000000f7a80000)
 ParOldGen       total 76800K, used 38089K [0x0000000082000000, 0x0000000086b00000, 0x00000000d6000000)
  object space 76800K, 49% used [0x0000000082000000,0x0000000084532418,0x0000000086b00000)
 Metaspace       used 61781K, capacity 67056K, committed 67200K, reserved 1105920K
  class space    used 8748K, capacity 9765K, committed 9856K, reserved 1048576K
}
Event: 80610.062 GC heap before
{Heap before GC invocations=47 (full 13):
 PSYoungGen      total 344064K, used 343856K [0x00000000d6000000, 0x00000000f7a80000, 0x0000000100000000)
  eden space 342016K, 100% used [0x00000000d6000000,0x00000000eae00000,0x00000000eae00000)
  from space 2048K, 89% used [0x00000000f6680000,0x00000000f684c2b0,0x00000000f6880000)
  to   space 15872K, 0% used [0x00000000f6b00000,0x00000000f6b00000,0x00000000f7a80000)
 ParOldGen       total 76800K, used 38089K [0x0000000082000000, 0x0000000086b00000, 0x00000000d6000000)
  object space 76800K, 49% used [0x0000000082000000,0x0000000084532418,0x0000000086b00000)
 Metaspace       used 61781K, capacity 67056K, committed 67200K, reserved 1105920K
  class space    used 8748K, capacity 9765K, committed 9856K, reserved 1048576K
Event: 80610.078 GC heap after
Heap after GC invocations=47 (full 13):
 PSYoungGen      total 329728K, used 1872K [0x00000000d6000000, 0x00000000f6d00000, 0x0000000100000000)
  eden space 327680K, 0% used [0x00000000d6000000,0x00000000d6000000,0x00000000ea000000)
  from space 2048K, 91% used [0x00000000f6b00000,0x00000000f6cd42b0,0x00000000f6d00000)
  to   space 16384K, 0% used [0x00000000f4d00000,0x00000000f4d00000,0x00000000f5d00000)
 ParOldGen       total 76800K, used 38089K [0x0000000082000000, 0x0000000086b00000, 0x00000000d6000000)
  object space 76800K, 49% used [0x0000000082000000,0x0000000084532418,0x0000000086b00000)
 Metaspace       used 61781K, capacity 67056K, committed 67200K, reserved 1105920K
  class space    used 8748K, capacity 9765K, committed 9856K, reserved 1048576K
}
Event: 82728.824 GC heap before
{Heap before GC invocations=48 (full 13):
 PSYoungGen      total 329728K, used 329552K [0x00000000d6000000, 0x00000000f6d00000, 0x0000000100000000)
  eden space 327680K, 100% used [0x00000000d6000000,0x00000000ea000000,0x00000000ea000000)
  from space 2048K, 91% used [0x00000000f6b00000,0x00000000f6cd42b0,0x00000000f6d00000)
  to   space 16384K, 0% used [0x00000000f4d00000,0x00000000f4d00000,0x00000000f5d00000)
 ParOldGen       total 76800K, used 38089K [0x0000000082000000, 0x0000000086b00000, 0x00000000d6000000)
  object space 76800K, 49% used [0x0000000082000000,0x0000000084532418,0x0000000086b00000)
 Metaspace       used 61781K, capacity 67056K, committed 67200K, reserved 1105920K
  class space    used 8748K, capacity 9765K, committed 9856K, reserved 1048576K
Event: 82728.835 GC heap after
Heap after GC invocations=48 (full 13):
 PSYoungGen      total 315392K, used 1424K [0x00000000d6000000, 0x00000000f6b80000, 0x0000000100000000)
  eden space 313856K, 0% used [0x00000000d6000000,0x00000000d6000000,0x00000000e9280000)
  from space 1536K, 92% used [0x00000000f4d00000,0x00000000f4e64210,0x00000000f4e80000)
  to   space 16896K, 0% used [0x00000000f5b00000,0x00000000f5b00000,0x00000000f6b80000)
 ParOldGen       total 76800K, used 38089K [0x0000000082000000, 0x0000000086b00000, 0x00000000d6000000)
  object space 76800K, 49% used [0x0000000082000000,0x0000000084532418,0x0000000086b00000)
 Metaspace       used 61781K, capacity 67056K, committed 67200K, reserved 1105920K
  class space    used 8748K, capacity 9765K, committed 9856K, reserved 1048576K
}
Event: 84449.633 GC heap before
{Heap before GC invocations=49 (full 13):
 PSYoungGen      total 315392K, used 280212K [0x00000000d6000000, 0x00000000f6b80000, 0x0000000100000000)
  eden space 313856K, 88% used [0x00000000d6000000,0x00000000e7040ff0,0x00000000e9280000)
  from space 1536K, 92% used [0x00000000f4d00000,0x00000000f4e64210,0x00000000f4e80000)
  to   space 16896K, 0% used [0x00000000f5b00000,0x00000000f5b00000,0x00000000f6b80000)
 ParOldGen       total 76800K, used 38089K [0x0000000082000000, 0x0000000086b00000, 0x00000000d6000000)
  object space 76800K, 49% used [0x0000000082000000,0x0000000084532418,0x0000000086b00000)
 Metaspace       used 61783K, capacity 67062K, committed 67200K, reserved 1105920K
  class space    used 8748K, capacity 9767K, committed 9856K, reserved 1048576K
Event: 84449.715 GC heap after
Heap after GC invocations=49 (full 13):
 PSYoungGen      total 315392K, used 1232K [0x00000000d6000000, 0x00000000f5c80000, 0x0000000100000000)
  eden space 313856K, 0% used [0x00000000d6000000,0x00000000d6000000,0x00000000e9280000)
  from space 1536K, 80% used [0x00000000f5b00000,0x00000000f5c34150,0x00000000f5c80000)
  to   space 16896K, 0% used [0x00000000f3b80000,0x00000000f3b80000,0x00000000f4c00000)
 ParOldGen       total 76800K, used 38097K [0x0000000082000000, 0x0000000086b00000, 0x00000000d6000000)
  object space 76800K, 49% used [0x0000000082000000,0x0000000084534418,0x0000000086b00000)
 Metaspace       used 61783K, capacity 67062K, committed 67200K, reserved 1105920K
  class space    used 8748K, capacity 9767K, committed 9856K, reserved 1048576K
}
Event: 84449.715 GC heap before
{Heap before GC invocations=50 (full 14):
 PSYoungGen      total 315392K, used 1232K [0x00000000d6000000, 0x00000000f5c80000, 0x0000000100000000)
  eden space 313856K, 0% used [0x00000000d6000000,0x00000000d6000000,0x00000000e9280000)
  from space 1536K, 80% used [0x00000000f5b00000,0x00000000f5c34150,0x00000000f5c80000)
  to   space 16896K, 0% used [0x00000000f3b80000,0x00000000f3b80000,0x00000000f4c00000)
 ParOldGen       total 76800K, used 38097K [0x0000000082000000, 0x0000000086b00000, 0x00000000d6000000)
  object space 76800K, 49% used [0x0000000082000000,0x0000000084534418,0x0000000086b00000)
 Metaspace       used 61783K, capacity 67062K, committed 67200K, reserved 1105920K
  class space    used 8748K, capacity 9767K, committed 9856K, reserved 1048576K
Event: 84459.350 GC heap after
Heap after GC invocations=50 (full 14):
 PSYoungGen      total 315392K, used 0K [0x00000000d6000000, 0x00000000f5c80000, 0x0000000100000000)
  eden space 313856K, 0% used [0x00000000d6000000,0x00000000d6000000,0x00000000e9280000)
  from space 1536K, 0% used [0x00000000f5b00000,0x00000000f5b00000,0x00000000f5c80000)
  to   space 16896K, 0% used [0x00000000f3b80000,0x00000000f3b80000,0x00000000f4c00000)
 ParOldGen       total 76800K, used 25807K [0x0000000082000000, 0x0000000086b00000, 0x00000000d6000000)
  object space 76800K, 33% used [0x0000000082000000,0x0000000083933db0,0x0000000086b00000)
 Metaspace       used 61307K, capacity 66276K, committed 67200K, reserved 1105920K
  class space    used 8676K, capacity 9633K, committed 9856K, reserved 1048576K
}

